<?xml version="1.0" encoding="utf-8" standalone="no"?>
<!--This file represents the results of running a test suite-->
<test-results name="c:\build\workspace\dotnet-vizrt-win32\Data\Pilot\Tests\bin\Release\Vizrt.Data.Pilot.Tests.dll" total="1339" errors="3" failures="2" not-run="16" inconclusive="0" ignored="4" skipped="0" invalid="12" date="2010-02-17" time="18:47:34">
  <environment nunit-version="2.5.3.9345" clr-version="2.0.50727.4200" os-version="Microsoft Windows NT 6.0.6002 Service Pack 2" platform="Win32NT" cwd="c:\build\workspace\dotnet-vizrt-win32" machine-name="BGOHUDSONTEST" user="builduser" user-domain="VIZRTINT" />
  <culture-info current-culture="en-US" current-uiculture="en-US" />
  <test-suite name="" executed="True" success="False" time="49.309" asserts="0">
    <results>
      <test-suite name="c:\build\workspace\dotnet-vizrt-win32\Data\Pilot\Tests\bin\Release\Vizrt.Data.Pilot.Tests.dll" executed="True" success="True" time="1.568" asserts="0">
        <results>
          <test-suite name="Vizrt" executed="True" success="True" time="1.561" asserts="0">
            <results>
              <test-suite name="Data" executed="True" success="True" time="1.559" asserts="0">
                <results>
                  <test-suite name="Pilot" executed="True" success="True" time="1.558" asserts="0">
                    <results>
                      <test-suite name="Tests" executed="True" success="True" time="1.557" asserts="0">
                        <results>
                          <test-suite name="DataElementTest" executed="True" success="False" time="0.004" asserts="0" />
                          <test-suite name="SyndicationConverterExtensionsTest" executed="True" success="True" time="1.545" asserts="0">
                            <results>
                              <test-case name="Vizrt.Data.Pilot.Tests.SyndicationConverterExtensionsTest.TestDataElementInfoToSyndicationItem" executed="True" success="True" time="0.553" asserts="10" />
                              <test-case name="Vizrt.Data.Pilot.Tests.SyndicationConverterExtensionsTest.TestDataElementToSyndicationItem" executed="True" success="True" time="0.679" asserts="21" />
                              <test-case name="Vizrt.Data.Pilot.Tests.SyndicationConverterExtensionsTest.TestTemplateInfoToSyndicationItem" executed="True" success="True" time="0.004" asserts="10" />
                              <test-case name="Vizrt.Data.Pilot.Tests.SyndicationConverterExtensionsTest.TestTemplateToSyndicationItem" executed="True" success="True" time="0.037" asserts="17" />
                              <test-case name="Vizrt.Data.Pilot.Tests.SyndicationConverterExtensionsTest.TestToDataElement" executed="True" success="True" time="0.262" asserts="6" />
                            </results>
                          </test-suite>
                        </results>
                      </test-suite>
                    </results>
                  </test-suite>
                </results>
              </test-suite>
            </results>
          </test-suite>
        </results>
      </test-suite>
      <test-suite name="c:\build\workspace\dotnet-vizrt-win32\Data\Tests\bin\Release\Vizrt.Data.Tests.dll" executed="True" success="False" time="0.879" asserts="0">
        <results>
          <test-suite name="Vizrt" executed="True" success="False" time="0.871" asserts="0">
            <results>
              <test-suite name="Data" executed="True" success="False" time="0.868" asserts="0">
                <results>
                  <test-suite name="Pilot" executed="True" success="True" time="0.362" asserts="0">
                    <results>
                      <test-suite name="Tests" executed="True" success="True" time="0.361" asserts="0">
                        <results>
                          <test-suite name="MockDBConnectionTest" executed="True" success="True" time="0.359" asserts="0">
                            <results>
                              <test-case name="Vizrt.Data.Pilot.Tests.MockDBConnectionTest.TestMockExecuteQuery" executed="True" success="True" time="0.348" asserts="10" />
                            </results>
                          </test-suite>
                        </results>
                      </test-suite>
                    </results>
                  </test-suite>
                  <test-suite name="Tests" executed="True" success="False" time="0.502" asserts="0">
                    <results>
                      <test-suite name="ModelConverterTests" executed="True" success="False" time="0.312" asserts="0">
                        <results>
                          <test-case name="Vizrt.Data.Tests.ModelConverterTests.TestCreateModelFromConceptVariantSiRelation" executed="True" success="True" time="0.240" asserts="11" />
                          <test-case name="Vizrt.Data.Tests.ModelConverterTests.TestCreateModelFromPageList" executed="True" success="False" time="0.064" asserts="3">
                            <failure>
                              <message><![CDATA[  Expected string length 14 but was 13. Strings differ at index 5.
  Expected: "layer _value_1"
  But was:  "layer_value_1"
  ----------------^
]]></message>
                              <stack-trace><![CDATA[at Vizrt.Data.Tests.ModelConverterTests.TestCreateModelFromPageList() in c:\build\workspace\dotnet-vizrt-win32\Data\Tests\ModelConverterTests.cs:line 537
]]></stack-trace>
                            </failure>
                          </test-case>
                          <test-case name="Vizrt.Data.Tests.ModelConverterTests.TestCreateModelFromPageListWithUiHint" executed="True" success="True" time="0.002" asserts="9" />
                          <test-case name="Vizrt.Data.Tests.ModelConverterTests.TestCreateModelFromTransitionLogicAndConceptVariantList" executed="True" success="True" time="0.001" asserts="6" />
                          <test-case name="Vizrt.Data.Tests.ModelConverterTests.TestTransitionLogicWithOnlyOutLayers" executed="True" success="True" time="0.002" asserts="6" />
                        </results>
                      </test-suite>
                      <test-suite name="PayloadTests" executed="True" success="True" time="0.146" asserts="0">
                        <results>
                          <test-case name="Vizrt.Data.Tests.PayloadTests.TestApplyPartialMatchVdfToTrioPage" executed="True" success="True" time="0.081" asserts="4" />
                          <test-case name="Vizrt.Data.Tests.PayloadTests.TestApplyVdfToTrioPage" executed="True" success="True" time="0.029" asserts="18" />
                          <test-case name="Vizrt.Data.Tests.PayloadTests.TestCreatePayloadDocumentFromPayloadXml" executed="True" success="True" time="0.003" asserts="4" />
                          <test-case name="Vizrt.Data.Tests.PayloadTests.TestTrioPageXmlToVdf" executed="True" success="True" time="0.017" asserts="13" />
                          <test-case name="Vizrt.Data.Tests.PayloadTests.TestVdfToTrioPage" executed="True" success="True" time="0.011" asserts="26" />
                        </results>
                      </test-suite>
                      <test-suite name="SchemaFieldTests" executed="True" success="True" time="0.033" asserts="0">
                        <results>
                          <test-case name="Vizrt.Data.Tests.SchemaFieldTests.TestApplyPayload" executed="True" success="True" time="0.014" asserts="5" />
                          <test-case name="Vizrt.Data.Tests.SchemaFieldTests.TestConceptVariantField" executed="True" success="True" time="0.006" asserts="16" />
                          <test-case name="Vizrt.Data.Tests.SchemaFieldTests.TestLayerField" executed="True" success="True" time="0.007" asserts="19" />
                          <test-case name="Vizrt.Data.Tests.SchemaFieldTests.TestModelDocumentToFields" executed="True" success="True" time="0.003" asserts="8" />
                          <test-case name="Vizrt.Data.Tests.SchemaFieldTests.TestSimpleModelDocumentToFields" executed="True" success="True" time="0.002" asserts="4" />
                        </results>
                      </test-suite>
                      <test-suite name="VizOracleDBConnectionTest" executed="True" success="False" time="0.000" asserts="0" />
                    </results>
                  </test-suite>
                </results>
              </test-suite>
            </results>
          </test-suite>
        </results>
      </test-suite>
      <test-suite name="c:\build\workspace\dotnet-vizrt-win32\Mse\Controls\Wpf\Tests\bin\Release\Vizrt.Mse.Controls.Wpf.Tests.dll" executed="True" success="False" time="13.363" asserts="0">
        <results>
          <test-suite name="Vizrt" executed="True" success="False" time="13.346" asserts="0">
            <results>
              <test-suite name="Mse" executed="True" success="False" time="13.184" asserts="0">
                <results>
                  <test-suite name="Controls" executed="True" success="False" time="13.173" asserts="0">
                    <results>
                      <test-suite name="Wpf" executed="True" success="False" time="13.163" asserts="0">
                        <results>
                          <test-suite name="Playlist" executed="True" success="False" time="10.216" asserts="0">
                            <results>
                              <test-suite name="Tests" executed="True" success="False" time="10.203" asserts="0">
                                <results>
                                  <test-suite name="TestArrowCommands" executed="True" success="True" time="5.160" asserts="0">
                                    <properties>
                                      <property name="APARTMENT_STATE" value="STA" />
                                    </properties>
                                    <results>
                                      <test-case name="Vizrt.Mse.Controls.Wpf.Playlist.Tests.TestArrowCommands.TestArrowsExpansionPlaylist" executed="True" success="True" time="5.072" asserts="82" />
                                      <test-case name="Vizrt.Mse.Controls.Wpf.Playlist.Tests.TestArrowCommands.TestArrowsExpansionPlaylistDirectory" executed="True" success="True" time="0.059" asserts="73" />
                                    </results>
                                  </test-suite>
                                  <test-suite name="TestClipboard" executed="True" success="False" time="0.304" asserts="0">
                                    <properties>
                                      <property name="APARTMENT_STATE" value="STA" />
                                    </properties>
                                    <results>
                                      <test-case name="Vizrt.Mse.Controls.Wpf.Playlist.Tests.TestClipboard.TestCopyFilter" executed="True" success="False" time="0.283" asserts="9">
                                        <failure>
                                          <message><![CDATA[System.Runtime.InteropServices.COMException : OpenClipboard Failed (Exception from HRESULT: 0x800401D0 (CLIPBRD_E_CANT_OPEN))]]></message>
                                          <stack-trace><![CDATA[at System.Runtime.InteropServices.Marshal.ThrowExceptionForHRInternal(Int32 errorCode, IntPtr errorInfo)
at System.Windows.Clipboard.Clear()
at Vizrt.Utilities.Wpf.DragDrop.ClipboardManager.CopyToClipboard() in c:\build\workspace\dotnet-vizrt-win32\Utilities\Wpf\DragDrop\ClipboardManager.cs:line 142
at Vizrt.Utilities.Wpf.DragDrop.ClipboardManager.HandleClipboardCommand(Object target, ExecutedRoutedEventArgs e) in c:\build\workspace\dotnet-vizrt-win32\Utilities\Wpf\DragDrop\ClipboardManager.cs:line 201
at System.Windows.Input.CommandBinding.OnExecuted(Object sender, ExecutedRoutedEventArgs e)
at System.Windows.Input.CommandManager.ExecuteCommandBinding(Object sender, ExecutedRoutedEventArgs e, CommandBinding commandBinding)
at System.Windows.Input.CommandManager.FindCommandBinding(CommandBindingCollection commandBindings, Object sender, RoutedEventArgs e, ICommand command, Boolean execute)
at System.Windows.Input.CommandManager.FindCommandBinding(Object sender, RoutedEventArgs e, ICommand command, Boolean execute)
at System.Windows.Input.CommandManager.OnExecuted(Object sender, ExecutedRoutedEventArgs e)
at System.Windows.UIElement.OnExecutedThunk(Object sender, ExecutedRoutedEventArgs e)
at System.Windows.Input.ExecutedRoutedEventArgs.InvokeEventHandler(Delegate genericHandler, Object target)
at System.Windows.RoutedEventArgs.InvokeHandler(Delegate handler, Object target)
at System.Windows.RoutedEventHandlerInfo.InvokeHandler(Object target, RoutedEventArgs routedEventArgs)
at System.Windows.EventRoute.InvokeHandlersImpl(Object source, RoutedEventArgs args, Boolean reRaised)
at System.Windows.UIElement.RaiseEventImpl(DependencyObject sender, RoutedEventArgs args)
at System.Windows.UIElement.RaiseEvent(RoutedEventArgs args, Boolean trusted)
at System.Windows.Input.RoutedCommand.ExecuteImpl(Object parameter, IInputElement target, Boolean userInitiated)
at System.Windows.Input.RoutedCommand.Execute(Object parameter, IInputElement target)
at Vizrt.Mse.Controls.Wpf.Playlist.Tests.TestClipboard.TestCopyFilter() in c:\build\workspace\dotnet-vizrt-win32\Mse\Controls\Wpf\Tests\Playlist\TestClipboard.cs:line 154
]]></stack-trace>
                                        </failure>
                                      </test-case>
                                      <test-case name="Vizrt.Mse.Controls.Wpf.Playlist.Tests.TestClipboard.TestCopyPaste" executed="True" success="False" time="0.012" asserts="2">
                                        <failure>
                                          <message><![CDATA[System.Runtime.InteropServices.COMException : OpenClipboard Failed (Exception from HRESULT: 0x800401D0 (CLIPBRD_E_CANT_OPEN))]]></message>
                                          <stack-trace><![CDATA[at System.Runtime.InteropServices.Marshal.ThrowExceptionForHRInternal(Int32 errorCode, IntPtr errorInfo)
at System.Windows.Clipboard.Clear()
at Vizrt.Mse.Controls.Wpf.Playlist.Tests.TestClipboard.Setup() in c:\build\workspace\dotnet-vizrt-win32\Mse\Controls\Wpf\Tests\Playlist\TestClipboard.cs:line 35
]]></stack-trace>
                                        </failure>
                                      </test-case>
                                      <test-case name="Vizrt.Mse.Controls.Wpf.Playlist.Tests.TestClipboard.TestCutPaste" executed="True" success="False" time="0.006" asserts="2">
                                        <failure>
                                          <message><![CDATA[System.Runtime.InteropServices.COMException : OpenClipboard Failed (Exception from HRESULT: 0x800401D0 (CLIPBRD_E_CANT_OPEN))]]></message>
                                          <stack-trace><![CDATA[at System.Runtime.InteropServices.Marshal.ThrowExceptionForHRInternal(Int32 errorCode, IntPtr errorInfo)
at System.Windows.Clipboard.Clear()
at Vizrt.Mse.Controls.Wpf.Playlist.Tests.TestClipboard.Setup() in c:\build\workspace\dotnet-vizrt-win32\Mse\Controls\Wpf\Tests\Playlist\TestClipboard.cs:line 35
]]></stack-trace>
                                        </failure>
                                      </test-case>
                                    </results>
                                  </test-suite>
                                  <test-suite name="TestCronConverter" executed="True" success="True" time="0.116" asserts="0">
                                    <results>
                                      <test-case name="Vizrt.Mse.Controls.Wpf.Playlist.Tests.TestCronConverter.AllDaysOnWeekdays" executed="True" success="True" time="0.106" asserts="4" />
                                      <test-case name="Vizrt.Mse.Controls.Wpf.Playlist.Tests.TestCronConverter.AmPmEdge" executed="True" success="True" time="0.000" asserts="2" />
                                      <test-case name="Vizrt.Mse.Controls.Wpf.Playlist.Tests.TestCronConverter.ConvertEmpty" executed="True" success="True" time="0.000" asserts="1" />
                                      <test-case name="Vizrt.Mse.Controls.Wpf.Playlist.Tests.TestCronConverter.ConvertTimeAndDateCodeOrder" executed="True" success="True" time="0.000" asserts="1" />
                                      <test-case name="Vizrt.Mse.Controls.Wpf.Playlist.Tests.TestCronConverter.LunchTimeOnWeekdays" executed="True" success="True" time="0.000" asserts="1" />
                                      <test-case name="Vizrt.Mse.Controls.Wpf.Playlist.Tests.TestCronConverter.NightToWeekdays" executed="True" success="True" time="0.000" asserts="1" />
                                      <test-case name="Vizrt.Mse.Controls.Wpf.Playlist.Tests.TestCronConverter.TestJanEveryDay" executed="True" success="True" time="0.001" asserts="1" />
                                      <test-case name="Vizrt.Mse.Controls.Wpf.Playlist.Tests.TestCronConverter.TestSunday" executed="True" success="True" time="0.000" asserts="2" />
                                      <test-case name="Vizrt.Mse.Controls.Wpf.Playlist.Tests.TestCronConverter.UnspecifiedHour" executed="True" success="True" time="0.000" asserts="2" />
                                    </results>
                                  </test-suite>
                                  <test-suite name="TestDisplayContextConverter" executed="True" success="True" time="0.006" asserts="0">
                                    <results>
                                      <test-case name="Vizrt.Mse.Controls.Wpf.Playlist.Tests.TestDisplayContextConverter.ConvertDefault" executed="True" success="True" time="0.002" asserts="1" />
                                      <test-case name="Vizrt.Mse.Controls.Wpf.Playlist.Tests.TestDisplayContextConverter.ConvertDefaultEmpty" executed="True" success="True" time="0.000" asserts="1" />
                                      <test-case name="Vizrt.Mse.Controls.Wpf.Playlist.Tests.TestDisplayContextConverter.ConvertNonDefault" executed="True" success="True" time="0.001" asserts="1" />
                                      <test-case name="Vizrt.Mse.Controls.Wpf.Playlist.Tests.TestDisplayContextConverter.ConvertNonDefaultEmpty" executed="True" success="True" time="0.001" asserts="1" />
                                    </results>
                                  </test-suite>
                                  <test-suite name="TestDragDrop" executed="True" success="True" time="0.348" asserts="0">
                                    <results>
                                      <test-case name="Vizrt.Mse.Controls.Wpf.Playlist.Tests.TestDragDrop.TestCreateDragObject" executed="True" success="True" time="0.104" asserts="42" />
                                      <test-case name="Vizrt.Mse.Controls.Wpf.Playlist.Tests.TestDragDrop.TestCreateDragObjectXml" executed="True" success="True" time="0.006" asserts="40" />
                                      <test-case name="Vizrt.Mse.Controls.Wpf.Playlist.Tests.TestDragDrop.TestDropAllow" executed="True" success="True" time="0.018" asserts="41" />
                                      <test-case name="Vizrt.Mse.Controls.Wpf.Playlist.Tests.TestDragDrop.TestEntryMoveDrops" executed="True" success="True" time="0.115" asserts="6" />
                                      <test-case name="Vizrt.Mse.Controls.Wpf.Playlist.Tests.TestDragDrop.TestEntryOtherDrops" executed="True" success="True" time="0.058" asserts="12" />
                                      <test-case name="Vizrt.Mse.Controls.Wpf.Playlist.Tests.TestDragDrop.TestParseExternalXmlContent" executed="True" success="True" time="0.002" asserts="11" />
                                      <test-case name="Vizrt.Mse.Controls.Wpf.Playlist.Tests.TestDragDrop.TestPathMoveDrops" executed="True" success="True" time="0.016" asserts="6" />
                                      <test-case name="Vizrt.Mse.Controls.Wpf.Playlist.Tests.TestDragDrop.TestPathOtherDrops" executed="True" success="True" time="0.017" asserts="13" />
                                      <test-case name="Vizrt.Mse.Controls.Wpf.Playlist.Tests.TestDragDrop.TestXmlDrops" executed="True" success="True" time="0.008" asserts="5" />
                                    </results>
                                  </test-suite>
                                  <test-suite name="TestFilterViewModel" executed="True" success="True" time="0.175" asserts="0">
                                    <properties>
                                      <property name="APARTMENT_STATE" value="STA" />
                                    </properties>
                                    <results>
                                      <test-case name="Vizrt.Mse.Controls.Wpf.Playlist.Tests.TestFilterViewModel.TestCancelReplaceFilterDescription" executed="True" success="True" time="0.099" asserts="2" />
                                      <test-case name="Vizrt.Mse.Controls.Wpf.Playlist.Tests.TestFilterViewModel.TestLoadAvailableFilters" executed="True" success="True" time="0.025" asserts="66" />
                                      <test-case name="Vizrt.Mse.Controls.Wpf.Playlist.Tests.TestFilterViewModel.TestLoadWithoutDefs" executed="True" success="True" time="0.005" asserts="37" />
                                      <test-case name="Vizrt.Mse.Controls.Wpf.Playlist.Tests.TestFilterViewModel.TestReplaceFilterDescription" executed="True" success="True" time="0.026" asserts="2" />
                                      <test-case name="Vizrt.Mse.Controls.Wpf.Playlist.Tests.TestFilterViewModel.TestStoreNewFilter" executed="True" success="True" time="0.016" asserts="17" />
                                    </results>
                                  </test-suite>
                                  <test-suite name="TestGenericFilterViewModel" executed="True" success="True" time="0.032" asserts="0">
                                    <results>
                                      <test-case name="Vizrt.Mse.Controls.Wpf.Playlist.Tests.TestGenericFilterViewModel.TestAddFieldCommand" executed="True" success="True" time="0.004" asserts="9" />
                                      <test-case name="Vizrt.Mse.Controls.Wpf.Playlist.Tests.TestGenericFilterViewModel.TestAddSubCategoryAndReplace" executed="True" success="True" time="0.020" asserts="55" />
                                      <test-case name="Vizrt.Mse.Controls.Wpf.Playlist.Tests.TestGenericFilterViewModel.TestInitialStartup" executed="True" success="True" time="0.000" asserts="2" />
                                      <test-case name="Vizrt.Mse.Controls.Wpf.Playlist.Tests.TestGenericFilterViewModel.TestRemoveFieldCommand" executed="True" success="True" time="0.003" asserts="23" />
                                    </results>
                                  </test-suite>
                                  <test-suite name="TestPlaylistControllerViewModel" executed="True" success="True" time="3.494" asserts="0">
                                    <properties>
                                      <property name="APARTMENT_STATE" value="STA" />
                                    </properties>
                                    <results>
                                      <test-case name="Vizrt.Mse.Controls.Wpf.Playlist.Tests.TestPlaylistControllerViewModel.TestMseBeingRestarted" executed="True" success="True" time="0.719" asserts="38" />
                                      <test-case name="Vizrt.Mse.Controls.Wpf.Playlist.Tests.TestPlaylistControllerViewModel.TestRemoveAndAddProfiles" executed="True" success="True" time="0.054" asserts="10" />
                                      <test-case name="Vizrt.Mse.Controls.Wpf.Playlist.Tests.TestPlaylistControllerViewModel.TestReuseOfMseConnections" executed="True" success="True" time="2.718" asserts="2" />
                                    </results>
                                  </test-suite>
                                  <test-suite name="TestPlaylistViewModelFilter" executed="True" success="True" time="0.139" asserts="0">
                                    <results>
                                      <test-case name="Vizrt.Mse.Controls.Wpf.Playlist.Tests.TestPlaylistViewModelFilter.TestAddingNewFilterAfterConvertionOldFilterPresets" executed="True" success="True" time="0.025" asserts="3" />
                                      <test-case name="Vizrt.Mse.Controls.Wpf.Playlist.Tests.TestPlaylistViewModelFilter.TestComparison" executed="True" success="True" time="0.002" asserts="40" />
                                      <test-case name="Vizrt.Mse.Controls.Wpf.Playlist.Tests.TestPlaylistViewModelFilter.TestConditionBuilding" executed="True" success="True" time="0.019" asserts="14" />
                                      <test-case name="Vizrt.Mse.Controls.Wpf.Playlist.Tests.TestPlaylistViewModelFilter.TestConditionCloning" executed="True" success="True" time="0.006" asserts="69" />
                                      <test-case name="Vizrt.Mse.Controls.Wpf.Playlist.Tests.TestPlaylistViewModelFilter.TestFieldCloning" executed="True" success="True" time="0.001" asserts="12" />
                                      <test-case name="Vizrt.Mse.Controls.Wpf.Playlist.Tests.TestPlaylistViewModelFilter.TestFilterCloning" executed="True" success="True" time="0.002" asserts="90" />
                                      <test-case name="Vizrt.Mse.Controls.Wpf.Playlist.Tests.TestPlaylistViewModelFilter.TestFilterManagerPresetReader" executed="True" success="True" time="0.008" asserts="1" />
                                      <test-case name="Vizrt.Mse.Controls.Wpf.Playlist.Tests.TestPlaylistViewModelFilter.TestFilterOnPropertyChange" executed="True" success="True" time="0.013" asserts="4" />
                                      <test-case name="Vizrt.Mse.Controls.Wpf.Playlist.Tests.TestPlaylistViewModelFilter.TestHideEmptyGroups" executed="True" success="True" time="0.022" asserts="6" />
                                      <test-case name="Vizrt.Mse.Controls.Wpf.Playlist.Tests.TestPlaylistViewModelFilter.TestOldFilterPresetReader" executed="True" success="True" time="0.013" asserts="36" />
                                      <test-case name="Vizrt.Mse.Controls.Wpf.Playlist.Tests.TestPlaylistViewModelFilter.TestPageNameFilter" executed="True" success="True" time="0.010" asserts="23" />
                                      <test-case name="Vizrt.Mse.Controls.Wpf.Playlist.Tests.TestPlaylistViewModelFilter.TestPageNameFilterLoadedFromVdom" executed="True" success="True" time="0.007" asserts="7" />
                                      <test-case name="Vizrt.Mse.Controls.Wpf.Playlist.Tests.TestPlaylistViewModelFilter.TestPropertyDependency" executed="True" success="True" time="0.001" asserts="3" />
                                    </results>
                                  </test-suite>
                                  <test-suite name="TestTreeListView" executed="True" success="True" time="0.410" asserts="0">
                                    <properties>
                                      <property name="APARTMENT_STATE" value="STA" />
                                    </properties>
                                    <results>
                                      <test-case name="Vizrt.Mse.Controls.Wpf.Playlist.Tests.TestTreeListView.TestBasicLoadAndClear" executed="True" success="True" time="0.021" asserts="11" />
                                      <test-case name="Vizrt.Mse.Controls.Wpf.Playlist.Tests.TestTreeListView.TestClearGroupWithSubGroups" executed="True" success="True" time="0.017" asserts="19" />
                                      <test-case name="Vizrt.Mse.Controls.Wpf.Playlist.Tests.TestTreeListView.TestCollapseExpand" executed="True" success="True" time="0.021" asserts="45" />
                                      <test-case name="Vizrt.Mse.Controls.Wpf.Playlist.Tests.TestTreeListView.TestEmptyPlaylist" executed="True" success="True" time="0.026" asserts="5" />
                                      <test-case name="Vizrt.Mse.Controls.Wpf.Playlist.Tests.TestTreeListView.TestEvents" executed="True" success="True" time="0.021" asserts="113" />
                                      <test-case name="Vizrt.Mse.Controls.Wpf.Playlist.Tests.TestTreeListView.TestKeyboardNavigation" executed="True" success="True" time="0.017" asserts="7" />
                                      <test-case name="Vizrt.Mse.Controls.Wpf.Playlist.Tests.TestTreeListView.TestMove" executed="True" success="True" time="0.024" asserts="135" />
                                      <test-case name="Vizrt.Mse.Controls.Wpf.Playlist.Tests.TestTreeListView.TestReflect" executed="True" success="True" time="0.047" asserts="1" />
                                      <test-case name="Vizrt.Mse.Controls.Wpf.Playlist.Tests.TestTreeListView.TestRemovePlaylistPath" executed="True" success="True" time="0.012" asserts="1" />
                                      <test-case name="Vizrt.Mse.Controls.Wpf.Playlist.Tests.TestTreeListView.TestReplace" executed="True" success="True" time="0.016" asserts="38" />
                                      <test-case name="Vizrt.Mse.Controls.Wpf.Playlist.Tests.TestTreeListView.TestReplacePlaylist" executed="True" success="True" time="0.016" asserts="17" />
                                      <test-case name="Vizrt.Mse.Controls.Wpf.Playlist.Tests.TestTreeListView.TestTreeListViewSort" executed="True" success="True" time="0.138" asserts="83" />
                                    </results>
                                  </test-suite>
                                </results>
                              </test-suite>
                            </results>
                          </test-suite>
                          <test-suite name="Profile" executed="True" success="True" time="0.165" asserts="0">
                            <results>
                              <test-suite name="Tests" executed="True" success="True" time="0.162" asserts="0">
                                <results>
                                  <test-suite name="TestChannelStatusViewModel" executed="True" success="True" time="0.053" asserts="0">
                                    <results>
                                      <test-case name="Vizrt.Mse.Controls.Wpf.Profile.Tests.TestChannelStatusViewModel.TestChangeActiveProfileName" executed="True" success="True" time="0.003" asserts="1" />
                                      <test-case name="Vizrt.Mse.Controls.Wpf.Profile.Tests.TestChannelStatusViewModel.TestChangeProgramChannel" executed="True" success="True" time="0.009" asserts="3" />
                                      <test-case name="Vizrt.Mse.Controls.Wpf.Profile.Tests.TestChannelStatusViewModel.TestEventsActuveProfile" executed="True" success="True" time="0.001" asserts="1" />
                                      <test-case name="Vizrt.Mse.Controls.Wpf.Profile.Tests.TestChannelStatusViewModel.TestEventsRemoveChannel" executed="True" success="True" time="0.006" asserts="1" />
                                      <test-case name="Vizrt.Mse.Controls.Wpf.Profile.Tests.TestChannelStatusViewModel.TestEventsRemoveOutput" executed="True" success="True" time="0.005" asserts="5" />
                                      <test-case name="Vizrt.Mse.Controls.Wpf.Profile.Tests.TestChannelStatusViewModel.TestIsForkedExecution" executed="True" success="True" time="0.001" asserts="1" />
                                    </results>
                                  </test-suite>
                                  <test-suite name="TestProfielConfigViewModel" executed="True" success="True" time="0.016" asserts="0">
                                    <results>
                                      <test-case name="Vizrt.Mse.Controls.Wpf.Profile.Tests.TestProfielConfigViewModel.Test" executed="True" success="True" time="0.001" asserts="0" />
                                    </results>
                                  </test-suite>
                                  <test-suite name="ViewModel" executed="True" success="True" time="0.090" asserts="0">
                                    <results>
                                      <test-suite name="TestHandlersViewModel" executed="True" success="True" time="0.089" asserts="0">
                                        <results>
                                          <test-case name="Vizrt.Mse.Controls.Wpf.Profile.Tests.ViewModel.TestHandlersViewModel.TestCreateHandler" executed="True" success="True" time="0.068" asserts="11" />
                                          <test-case name="Vizrt.Mse.Controls.Wpf.Profile.Tests.ViewModel.TestHandlersViewModel.TestCreateHandlersViewModel" executed="True" success="True" time="0.004" asserts="3" />
                                          <test-case name="Vizrt.Mse.Controls.Wpf.Profile.Tests.ViewModel.TestHandlersViewModel.TestVideoOutputs" executed="True" success="True" time="0.006" asserts="9" />
                                          <test-case name="Vizrt.Mse.Controls.Wpf.Profile.Tests.ViewModel.TestHandlersViewModel.TestVizOutputs" executed="True" success="True" time="0.006" asserts="9" />
                                        </results>
                                      </test-suite>
                                    </results>
                                  </test-suite>
                                </results>
                              </test-suite>
                            </results>
                          </test-suite>
                          <test-suite name="Tests" executed="True" success="False" time="2.764" asserts="0">
                            <results>
                              <test-suite name="Playlist" executed="True" success="False" time="2.763" asserts="0">
                                <results>
                                  <test-suite name="TestPlaylistController" executed="True" success="False" time="2.763" asserts="0">
                                    <properties>
                                      <property name="APARTMENT_STATE" value="STA" />
                                    </properties>
                                    <results>
                                      <test-case name="Vizrt.Mse.Controls.Wpf.Tests.Playlist.TestPlaylistController.TestCreatingPlaylistController" executed="True" success="True" time="2.223" asserts="4" />
                                      <test-case name="Vizrt.Mse.Controls.Wpf.Tests.Playlist.TestPlaylistController.TestCreatingPlaylistControlWithNoHost" executed="True" success="True" time="0.062" asserts="1" />
                                      <test-case name="Vizrt.Mse.Controls.Wpf.Tests.Playlist.TestPlaylistController.TestDeletingSelectedItemsInBigPlaylist" executed="True" success="True" time="0.414" asserts="15" />
                                      <test-case name="Vizrt.Mse.Controls.Wpf.Tests.Playlist.TestPlaylistController.TestNoDuplicatesWhenOpeningTwice" executed="True" success="False" time="0.050" asserts="5">
                                        <failure>
                                          <message><![CDATA[  Expected: 1
  But was:  0
]]></message>
                                          <stack-trace><![CDATA[at Vizrt.Mse.Controls.Wpf.Tests.Playlist.TestPlaylistController.TestNoDuplicatesWhenOpeningTwice() in c:\build\workspace\dotnet-vizrt-win32\Mse\Controls\Wpf\Tests\Playlist\TestPlaylistController.cs:line 70
]]></stack-trace>
                                        </failure>
                                      </test-case>
                                    </results>
                                  </test-suite>
                                </results>
                              </test-suite>
                            </results>
                          </test-suite>
                        </results>
                      </test-suite>
                    </results>
                  </test-suite>
                </results>
              </test-suite>
              <test-suite name="Playlist" executed="True" success="True" time="0.140" asserts="0">
                <results>
                  <test-suite name="Controls" executed="True" success="True" time="0.138" asserts="0">
                    <results>
                      <test-suite name="Wpf" executed="True" success="True" time="0.136" asserts="0">
                        <results>
                          <test-suite name="Tests" executed="True" success="True" time="0.134" asserts="0">
                            <results>
                              <test-suite name="TestGUISettingsManager" executed="True" success="True" time="0.132" asserts="0">
                                <properties>
                                  <property name="APARTMENT_STATE" value="STA" />
                                </properties>
                                <results>
                                  <test-case name="Vizrt.Playlist.Controls.Wpf.Tests.TestGUISettingsManager.TestAddColumn" executed="True" success="True" time="0.021" asserts="33" />
                                  <test-case name="Vizrt.Playlist.Controls.Wpf.Tests.TestGUISettingsManager.TestAddColumnWithVisibleFalse" executed="True" success="True" time="0.005" asserts="17" />
                                  <test-case name="Vizrt.Playlist.Controls.Wpf.Tests.TestGUISettingsManager.TestAddColumnWithVisibleTrue" executed="True" success="True" time="0.006" asserts="21" />
                                  <test-case name="Vizrt.Playlist.Controls.Wpf.Tests.TestGUISettingsManager.TestBasicPlaylistGUISettings" executed="True" success="True" time="0.037" asserts="86" />
                                  <test-case name="Vizrt.Playlist.Controls.Wpf.Tests.TestGUISettingsManager.TestChangeViewWithCustomColumn" executed="True" success="True" time="0.006" asserts="23" />
                                  <test-case name="Vizrt.Playlist.Controls.Wpf.Tests.TestGUISettingsManager.TestCustomPlaylistGUISettings" executed="True" success="True" time="0.005" asserts="13" />
                                  <test-case name="Vizrt.Playlist.Controls.Wpf.Tests.TestGUISettingsManager.TestHasDefaultPlaylistGUISettings" executed="True" success="True" time="0.009" asserts="18" />
                                  <test-case name="Vizrt.Playlist.Controls.Wpf.Tests.TestGUISettingsManager.TestNoDefaultPlaylistGUISettings" executed="True" success="True" time="0.007" asserts="24" />
                                  <test-case name="Vizrt.Playlist.Controls.Wpf.Tests.TestGUISettingsManager.TestNoPlaylistGUISettings" executed="True" success="True" time="0.006" asserts="28" />
                                  <test-case name="Vizrt.Playlist.Controls.Wpf.Tests.TestGUISettingsManager.TestSwitchPlaylists" executed="True" success="True" time="0.008" asserts="11" />
                                  <test-case name="Vizrt.Playlist.Controls.Wpf.Tests.TestGUISettingsManager.TestTextWrappingAfterDefaultPlaylistGUISettings" executed="True" success="True" time="0.014" asserts="3" />
                                </results>
                              </test-suite>
                            </results>
                          </test-suite>
                        </results>
                      </test-suite>
                    </results>
                  </test-suite>
                </results>
              </test-suite>
              <test-suite name="Wpf" executed="True" success="True" time="0.009" asserts="0">
                <results>
                  <test-suite name="Controls" executed="True" success="True" time="0.008" asserts="0">
                    <results>
                      <test-suite name="Tests" executed="True" success="True" time="0.007" asserts="0">
                        <results>
                          <test-suite name="TestMvcpHandler" executed="True" success="True" time="0.007" asserts="0">
                            <results>
                              <test-case name="Vizrt.Wpf.Controls.Tests.TestMvcpHandler.TestDeleteMvcpHandlerCommand" executed="True" success="True" time="0.006" asserts="3" />
                            </results>
                          </test-suite>
                        </results>
                      </test-suite>
                    </results>
                  </test-suite>
                </results>
              </test-suite>
            </results>
          </test-suite>
        </results>
      </test-suite>
      <test-suite name="c:\build\workspace\dotnet-vizrt-win32\Mse\Controls\Wpf\Tests\bin\Release\Vizrt.Mse.Tests.dll" executed="True" success="True" time="6.378" asserts="0">
        <results>
          <test-suite name="Vizrt" executed="True" success="True" time="6.361" asserts="0">
            <results>
              <test-suite name="Handler" executed="True" success="True" time="0.127" asserts="0">
                <results>
                  <test-suite name="Clip" executed="True" success="True" time="0.126" asserts="0">
                    <results>
                      <test-suite name="Model" executed="True" success="True" time="0.119" asserts="0">
                        <results>
                          <test-suite name="Tests" executed="True" success="True" time="0.118" asserts="0">
                            <results>
                              <test-suite name="TestMsbClips" executed="True" success="True" time="0.116" asserts="0">
                                <results>
                                  <test-case name="Vizrt.Handler.Clip.Model.Tests.TestMsbClips.TestLoadMsbClips" executed="True" success="True" time="0.108" asserts="14" />
                                </results>
                              </test-suite>
                            </results>
                          </test-suite>
                        </results>
                      </test-suite>
                      <test-suite name="Tests" executed="True" success="True" time="0.005" asserts="0">
                        <results>
                          <test-suite name="TestMsbClipsViewModel" executed="True" success="True" time="0.005" asserts="0">
                            <results>
                              <test-case name="Vizrt.Handler.Clip.Tests.TestMsbClipsViewModel.TestLoadMsbClipsViewModel" executed="True" success="True" time="0.004" asserts="3" />
                            </results>
                          </test-suite>
                        </results>
                      </test-suite>
                    </results>
                  </test-suite>
                </results>
              </test-suite>
              <test-suite name="Mse" executed="True" success="True" time="5.341" asserts="0">
                <results>
                  <test-suite name="Handler" executed="True" success="True" time="0.221" asserts="0">
                    <results>
                      <test-suite name="Model" executed="True" success="True" time="0.151" asserts="0">
                        <results>
                          <test-suite name="Tests" executed="True" success="True" time="0.149" asserts="0">
                            <results>
                              <test-suite name="TestMvcpHandler" executed="True" success="True" time="0.085" asserts="0">
                                <results>
                                  <test-case name="Vizrt.Mse.Handler.Model.Tests.TestMvcpHandler.TestAddMvcpChannelsToHandler" executed="True" success="True" time="0.062" asserts="6" />
                                  <test-case name="Vizrt.Mse.Handler.Model.Tests.TestMvcpHandler.TestAddThenGetMvcpHandler" executed="True" success="True" time="0.004" asserts="3" />
                                  <test-case name="Vizrt.Mse.Handler.Model.Tests.TestMvcpHandler.TestChangingAttributeWithoutSubPathListeners" executed="True" success="True" time="0.003" asserts="0" />
                                  <test-case name="Vizrt.Mse.Handler.Model.Tests.TestMvcpHandler.TestLoadMvcpHandlers" executed="True" success="True" time="0.006" asserts="1" />
                                  <test-case name="Vizrt.Mse.Handler.Model.Tests.TestMvcpHandler.TestMvcpHandlerConnectedAttribute" executed="True" success="True" time="0.002" asserts="3" />
                                  <test-case name="Vizrt.Mse.Handler.Model.Tests.TestMvcpHandler.TestMvcpHandlerStatusMessages" executed="True" success="True" time="0.001" asserts="3" />
                                </results>
                              </test-suite>
                              <test-suite name="TestVideoHandlers" executed="True" success="True" time="0.009" asserts="0">
                                <results>
                                  <test-case name="Vizrt.Mse.Handler.Model.Tests.TestVideoHandlers.TestLoadVideoHandlers" executed="True" success="True" time="0.005" asserts="13" />
                                  <test-case name="Vizrt.Mse.Handler.Model.Tests.TestVideoHandlers.TestSaveVideoHandler" executed="True" success="True" time="0.003" asserts="14" />
                                </results>
                              </test-suite>
                              <test-suite name="TestVizHandlers" executed="True" success="True" time="0.053" asserts="0">
                                <results>
                                  <test-case name="Vizrt.Mse.Handler.Model.Tests.TestVizHandlers.TestLoadVizAndVideoHandlers" executed="True" success="True" time="0.022" asserts="4" />
                                  <test-case name="Vizrt.Mse.Handler.Model.Tests.TestVizHandlers.TestLoadVizHandlers" executed="True" success="True" time="0.006" asserts="12" />
                                  <test-case name="Vizrt.Mse.Handler.Model.Tests.TestVizHandlers.TestSaveVizHandler" executed="True" success="True" time="0.019" asserts="19" />
                                  <test-case name="Vizrt.Mse.Handler.Model.Tests.TestVizHandlers.TestStrangeEscapedStatus" executed="True" success="True" time="0.002" asserts="2" />
                                  <test-case name="Vizrt.Mse.Handler.Model.Tests.TestVizHandlers.TestVizHandlerConnectedAttribute" executed="True" success="True" time="0.001" asserts="3" />
                                </results>
                              </test-suite>
                            </results>
                          </test-suite>
                        </results>
                      </test-suite>
                      <test-suite name="Tests" executed="True" success="True" time="0.065" asserts="0">
                        <results>
                          <test-suite name="TestHandlers" executed="True" success="True" time="0.063" asserts="0">
                            <results>
                              <test-case name="Vizrt.Mse.Handler.Tests.TestHandlers.TestCreateMvcpHandler" executed="True" success="True" time="0.016" asserts="4" />
                              <test-case name="Vizrt.Mse.Handler.Tests.TestHandlers.TestCreateVideoHandler" executed="True" success="True" time="0.005" asserts="4" />
                              <test-case name="Vizrt.Mse.Handler.Tests.TestHandlers.TestCreateVizHandler" executed="True" success="True" time="0.004" asserts="3" />
                              <test-case name="Vizrt.Mse.Handler.Tests.TestHandlers.TestNotifyHandlerAdded" executed="True" success="True" time="0.010" asserts="1" />
                              <test-case name="Vizrt.Mse.Handler.Tests.TestHandlers.TestNotifyMvcpChannelAdded" executed="True" success="True" time="0.005" asserts="2" />
                              <test-case name="Vizrt.Mse.Handler.Tests.TestHandlers.TestNumberOfMvcpHandlers" executed="True" success="True" time="0.004" asserts="2" />
                              <test-case name="Vizrt.Mse.Handler.Tests.TestHandlers.TestNumberOfMvcpOutputs" executed="True" success="True" time="0.005" asserts="1" />
                              <test-case name="Vizrt.Mse.Handler.Tests.TestHandlers.TestNumberOfVideoHandlers" executed="True" success="True" time="0.003" asserts="2" />
                              <test-case name="Vizrt.Mse.Handler.Tests.TestHandlers.TestOutputLists" executed="True" success="True" time="0.002" asserts="2" />
                              <test-case name="Vizrt.Mse.Handler.Tests.TestHandlers.TestResolveHandler" executed="True" success="True" time="0.008" asserts="6" />
                            </results>
                          </test-suite>
                        </results>
                      </test-suite>
                    </results>
                  </test-suite>
                  <test-suite name="MseClient" executed="True" success="True" time="1.061" asserts="0">
                    <results>
                      <test-suite name="Model" executed="True" success="True" time="0.086" asserts="0">
                        <results>
                          <test-suite name="Tests" executed="True" success="True" time="0.084" asserts="0">
                            <results>
                              <test-suite name="TestProfiles" executed="True" success="True" time="0.083" asserts="0">
                                <results>
                                  <test-case name="Vizrt.Mse.MseClient.Model.Tests.TestProfiles.TestChangeVizContext" executed="True" success="True" time="0.028" asserts="4" />
                                  <test-case name="Vizrt.Mse.MseClient.Model.Tests.TestProfiles.TestCreateExecutionGroup" executed="True" success="True" time="0.003" asserts="16" />
                                  <test-case name="Vizrt.Mse.MseClient.Model.Tests.TestProfiles.TestCursors" executed="True" success="True" time="0.002" asserts="8" />
                                  <test-case name="Vizrt.Mse.MseClient.Model.Tests.TestProfiles.TestDummyAlias" executed="True" success="True" time="0.009" asserts="16" />
                                  <test-case name="Vizrt.Mse.MseClient.Model.Tests.TestProfiles.TestDummyVideoAlias" executed="True" success="True" time="0.003" asserts="5" />
                                  <test-case name="Vizrt.Mse.MseClient.Model.Tests.TestProfiles.TestExecutionGroups" executed="True" success="True" time="0.028" asserts="26" />
                                  <test-case name="Vizrt.Mse.MseClient.Model.Tests.TestProfiles.TestLoadProfiles" executed="True" success="True" time="0.002" asserts="4" />
                                  <test-case name="Vizrt.Mse.MseClient.Model.Tests.TestProfiles.TestProgramPreview" executed="True" success="True" time="0.003" asserts="20" />
                                </results>
                              </test-suite>
                            </results>
                          </test-suite>
                        </results>
                      </test-suite>
                      <test-suite name="Tests" executed="True" success="True" time="0.963" asserts="0">
                        <results>
                          <test-suite name="TestBindAttributes" executed="True" success="True" time="0.070" asserts="0">
                            <results>
                              <test-case name="Vizrt.Mse.MseClient.Tests.TestBindAttributes.TestAutoCreateDictionary" executed="True" success="True" time="0.013" asserts="2" />
                              <test-case name="Vizrt.Mse.MseClient.Tests.TestBindAttributes.TestBindBoolAttributes" executed="True" success="True" time="0.004" asserts="2" />
                              <test-case name="Vizrt.Mse.MseClient.Tests.TestBindAttributes.TestBindDoubleAttributes" executed="True" success="True" time="0.013" asserts="4" />
                              <test-case name="Vizrt.Mse.MseClient.Tests.TestBindAttributes.TestBindIntAttributes" executed="True" success="True" time="0.009" asserts="3" />
                              <test-case name="Vizrt.Mse.MseClient.Tests.TestBindAttributes.TestBoolAttributesEvent" executed="True" success="True" time="0.004" asserts="10" />
                              <test-case name="Vizrt.Mse.MseClient.Tests.TestBindAttributes.TestBoolAttributesToXml" executed="True" success="True" time="0.003" asserts="1" />
                              <test-case name="Vizrt.Mse.MseClient.Tests.TestBindAttributes.TestChangeAlternative" executed="True" success="True" time="0.002" asserts="4" />
                              <test-case name="Vizrt.Mse.MseClient.Tests.TestBindAttributes.TestCreateDictionary" executed="True" success="True" time="0.002" asserts="4" />
                              <test-case name="Vizrt.Mse.MseClient.Tests.TestBindAttributes.TestRemovingPath" executed="True" success="True" time="0.005" asserts="2" />
                              <test-case name="Vizrt.Mse.MseClient.Tests.TestBindAttributes.TestUniqueNamesFromXml" executed="True" success="True" time="0.003" asserts="7" />
                            </results>
                          </test-suite>
                          <test-suite name="TestBindChildren" executed="True" success="True" time="0.550" asserts="0">
                            <results>
                              <test-case name="Vizrt.Mse.MseClient.Tests.TestBindChildren.TestAddingAndRemovingManyItems" executed="True" success="True" time="0.301" asserts="0" />
                              <test-case name="Vizrt.Mse.MseClient.Tests.TestBindChildren.TestAddingItemsToDictionary" executed="True" success="True" time="0.004" asserts="1" />
                              <test-case name="Vizrt.Mse.MseClient.Tests.TestBindChildren.TestBindingWithFactory" executed="True" success="True" time="0.003" asserts="7" />
                              <test-case name="Vizrt.Mse.MseClient.Tests.TestBindChildren.TestBindToBinary" executed="True" success="True" time="0.021" asserts="36" />
                              <test-case name="Vizrt.Mse.MseClient.Tests.TestBindChildren.TestBindToBool" executed="True" success="True" time="0.004" asserts="9" />
                              <test-case name="Vizrt.Mse.MseClient.Tests.TestBindChildren.TestBindToDouble" executed="True" success="True" time="0.007" asserts="11" />
                              <test-case name="Vizrt.Mse.MseClient.Tests.TestBindChildren.TestCollection" executed="True" success="True" time="0.004" asserts="2" />
                              <test-case name="Vizrt.Mse.MseClient.Tests.TestBindChildren.TestCollectionBeingCleared" executed="True" success="True" time="0.004" asserts="1" />
                              <test-case name="Vizrt.Mse.MseClient.Tests.TestBindChildren.TestCollectionClear" executed="True" success="True" time="0.007" asserts="6" />
                              <test-case name="Vizrt.Mse.MseClient.Tests.TestBindChildren.TestCollectionWithConverter" executed="True" success="True" time="0.003" asserts="14" />
                              <test-case name="Vizrt.Mse.MseClient.Tests.TestBindChildren.TestDictionaryRollback" executed="True" success="True" time="0.026" asserts="104" />
                              <test-case name="Vizrt.Mse.MseClient.Tests.TestBindChildren.TestDictionaryStringRollback" executed="True" success="True" time="0.046" asserts="104" />
                              <test-case name="Vizrt.Mse.MseClient.Tests.TestBindChildren.TestDoubleEvents" executed="True" success="True" time="0.002" asserts="4" />
                              <test-case name="Vizrt.Mse.MseClient.Tests.TestBindChildren.TestInsertIntoCollection" executed="True" success="True" time="0.005" asserts="33" />
                              <test-case name="Vizrt.Mse.MseClient.Tests.TestBindChildren.TestListRollback" executed="True" success="True" time="0.012" asserts="104" />
                              <test-case name="Vizrt.Mse.MseClient.Tests.TestBindChildren.TestListString" executed="True" success="True" time="0.015" asserts="6" />
                              <test-case name="Vizrt.Mse.MseClient.Tests.TestBindChildren.TestListStringRollback" executed="True" success="True" time="0.009" asserts="104" />
                              <test-case name="Vizrt.Mse.MseClient.Tests.TestBindChildren.TestMove" executed="True" success="True" time="0.018" asserts="30" />
                              <test-case name="Vizrt.Mse.MseClient.Tests.TestBindChildren.TestMoveRollback" executed="True" success="True" time="0.043" asserts="202" />
                              <test-case name="Vizrt.Mse.MseClient.Tests.TestBindChildren.TestReplaceInStringList" executed="True" success="True" time="0.005" asserts="2" />
                              <test-case name="Vizrt.Mse.MseClient.Tests.TestBindChildren.TestReplacingItemsInDictionary" executed="True" success="True" time="0.002" asserts="5" />
                              <test-case name="Vizrt.Mse.MseClient.Tests.TestBindChildren.TestRollbackCollectionClear" executed="True" success="True" time="0.003" asserts="9" />
                            </results>
                          </test-suite>
                          <test-suite name="TestBindTarget" executed="True" success="True" time="0.011" asserts="0">
                            <results>
                              <test-case name="Vizrt.Mse.MseClient.Tests.TestBindTarget.TestExists" executed="True" success="True" time="0.007" asserts="10" />
                              <test-case name="Vizrt.Mse.MseClient.Tests.TestBindTarget.TestInlineTarget" executed="True" success="True" time="0.002" asserts="4" />
                            </results>
                          </test-suite>
                          <test-suite name="TestDomNode" executed="True" success="True" time="0.005" asserts="0">
                            <results>
                              <test-case name="Vizrt.Mse.MseClient.Tests.TestDomNode.EnumerateAndRemoveChild" executed="True" success="True" time="0.002" asserts="7" />
                              <test-case name="Vizrt.Mse.MseClient.Tests.TestDomNode.TestUniqueNamesFromXml" executed="True" success="True" time="0.000" asserts="1" />
                            </results>
                          </test-suite>
                          <test-suite name="TestElementDispatcher" executed="True" success="True" time="0.128" asserts="0">
                            <results>
                              <test-case name="Vizrt.Mse.MseClient.Tests.TestElementDispatcher.GetInlineDispatcher" executed="True" success="True" time="0.001" asserts="2" />
                              <test-case name="Vizrt.Mse.MseClient.Tests.TestElementDispatcher.TestAddElementToEmptyCollection" executed="True" success="True" time="0.002" asserts="2" />
                              <test-case name="Vizrt.Mse.MseClient.Tests.TestElementDispatcher.TestAttributeChangeEvents" executed="True" success="True" time="0.004" asserts="5" />
                              <test-case name="Vizrt.Mse.MseClient.Tests.TestElementDispatcher.TestBindAttributes" executed="True" success="True" time="0.002" asserts="3" />
                              <test-case name="Vizrt.Mse.MseClient.Tests.TestElementDispatcher.TestBindAttributesAndBindAttribute" executed="True" success="True" time="0.001" asserts="1" />
                              <test-case name="Vizrt.Mse.MseClient.Tests.TestElementDispatcher.TestBindAttributesWithConverterAndFilter" executed="True" success="True" time="0.002" asserts="8" />
                              <test-case name="Vizrt.Mse.MseClient.Tests.TestElementDispatcher.TestBuildLocalChildren" executed="True" success="True" time="0.005" asserts="5" />
                              <test-case name="Vizrt.Mse.MseClient.Tests.TestElementDispatcher.TestChangeNameAttribute" executed="True" success="True" time="0.011" asserts="24" />
                              <test-case name="Vizrt.Mse.MseClient.Tests.TestElementDispatcher.TestCollectionChanged" executed="True" success="True" time="0.003" asserts="7" />
                              <test-case name="Vizrt.Mse.MseClient.Tests.TestElementDispatcher.TestDictionaryBinding" executed="True" success="True" time="0.003" asserts="4" />
                              <test-case name="Vizrt.Mse.MseClient.Tests.TestElementDispatcher.TestEscapeChildTextAndAttribute" executed="True" success="True" time="0.004" asserts="8" />
                              <test-case name="Vizrt.Mse.MseClient.Tests.TestElementDispatcher.TestEscapeChildTextAndAttributeInXml" executed="True" success="True" time="0.003" asserts="1" />
                              <test-case name="Vizrt.Mse.MseClient.Tests.TestElementDispatcher.TestExists" executed="True" success="True" time="0.004" asserts="5" />
                              <test-case name="Vizrt.Mse.MseClient.Tests.TestElementDispatcher.TestGetFullPathOfProperty" executed="True" success="True" time="0.002" asserts="1" />
                              <test-case name="Vizrt.Mse.MseClient.Tests.TestElementDispatcher.TestGetObjectAt" executed="True" success="True" time="0.002" asserts="3" />
                              <test-case name="Vizrt.Mse.MseClient.Tests.TestElementDispatcher.TestInexistingNodes" executed="True" success="True" time="0.003" asserts="4" />
                              <test-case name="Vizrt.Mse.MseClient.Tests.TestElementDispatcher.TestInsertingAndRemovingAboveElement" executed="True" success="True" time="0.023" asserts="4" />
                              <test-case name="Vizrt.Mse.MseClient.Tests.TestElementDispatcher.TestMoveElementInCollection" executed="True" success="True" time="0.003" asserts="8" />
                              <test-case name="Vizrt.Mse.MseClient.Tests.TestElementDispatcher.TestMseConnectionGetObjectAt" executed="True" success="True" time="0.000" asserts="2" />
                              <test-case name="Vizrt.Mse.MseClient.Tests.TestElementDispatcher.TestNotifySubDispatcher" executed="True" success="True" time="0.011" asserts="1" />
                              <test-case name="Vizrt.Mse.MseClient.Tests.TestElementDispatcher.TestRenameAndReplace" executed="True" success="True" time="0.003" asserts="9" />
                              <test-case name="Vizrt.Mse.MseClient.Tests.TestElementDispatcher.TestReplace" executed="True" success="True" time="0.003" asserts="5" />
                              <test-case name="Vizrt.Mse.MseClient.Tests.TestElementDispatcher.TestReplaceElementInCollection" executed="True" success="True" time="0.004" asserts="3" />
                              <test-case name="Vizrt.Mse.MseClient.Tests.TestElementDispatcher.TestXmlInsertedEvent" executed="True" success="True" time="0.002" asserts="7" />
                            </results>
                          </test-suite>
                          <test-suite name="TestElementDispatcherComplete" executed="True" success="True" time="0.003" asserts="0">
                            <results>
                              <test-case name="Vizrt.Mse.MseClient.Tests.TestElementDispatcherComplete.TestSimpleAttribute" executed="True" success="True" time="0.001" asserts="1" />
                              <test-case name="Vizrt.Mse.MseClient.Tests.TestElementDispatcherComplete.TestSimpleTarget" executed="True" success="True" time="0.002" asserts="2" />
                            </results>
                          </test-suite>
                          <test-suite name="TestListenerTree" executed="True" success="True" time="0.004" asserts="0">
                            <results>
                              <test-case name="Vizrt.Mse.MseClient.Tests.TestListenerTree.TestAddAndRemoveListener" executed="True" success="True" time="0.001" asserts="3" />
                              <test-case name="Vizrt.Mse.MseClient.Tests.TestListenerTree.TestInsert" executed="True" success="True" time="0.001" asserts="2" />
                              <test-case name="Vizrt.Mse.MseClient.Tests.TestListenerTree.TestReceiveSubPathEvents" executed="True" success="True" time="0.001" asserts="2" />
                              <test-case name="Vizrt.Mse.MseClient.Tests.TestListenerTree.TestReplace" executed="True" success="True" time="0.001" asserts="3" />
                            </results>
                          </test-suite>
                          <test-suite name="TestMove" executed="True" success="True" time="0.004" asserts="0">
                            <results>
                              <test-case name="Vizrt.Mse.MseClient.Tests.TestMove.TestMoveInCollection" executed="True" success="True" time="0.002" asserts="4" />
                            </results>
                          </test-suite>
                          <test-suite name="TestMseConnection" executed="False">
                            <reason>
                              <message><![CDATA[No suitable constructor was found]]></message>
                            </reason>
                            <results>
                              <test-case name="Vizrt.Mse.MseClient.Tests.TestMseConnection.GetXml" executed="False">
                                <reason>
                                  <message><![CDATA[No suitable constructor was found]]></message>
                                </reason>
                              </test-case>
                              <test-case name="Vizrt.Mse.MseClient.Tests.TestMseConnection.NoticeConnectionFailed" executed="False">
                                <reason>
                                  <message><![CDATA[No suitable constructor was found]]></message>
                                </reason>
                              </test-case>
                              <test-case name="Vizrt.Mse.MseClient.Tests.TestMseConnection.NoticeConnectionLoss" executed="False">
                                <reason>
                                  <message><![CDATA[No suitable constructor was found]]></message>
                                </reason>
                              </test-case>
                              <test-case name="Vizrt.Mse.MseClient.Tests.TestMseConnection.StartServer" executed="False">
                                <reason>
                                  <message><![CDATA[No suitable constructor was found]]></message>
                                </reason>
                              </test-case>
                            </results>
                          </test-suite>
                          <test-suite name="TestPepTalk" executed="True" success="True" time="0.003" asserts="0">
                            <results>
                              <test-case name="Vizrt.Mse.MseClient.Tests.TestPepTalk.GetXml" executed="True" success="True" time="0.001" asserts="4" />
                              <test-case name="Vizrt.Mse.MseClient.Tests.TestPepTalk.TestRename" executed="True" success="True" time="0.002" asserts="1" />
                            </results>
                          </test-suite>
                          <test-suite name="TestPlainTalkMessage" executed="True" success="True" time="0.005" asserts="0">
                            <results>
                              <test-case name="Vizrt.Mse.MseClient.Tests.TestPlainTalkMessage.ChunkedParsing" executed="True" success="True" time="0.002" asserts="8" />
                              <test-case name="Vizrt.Mse.MseClient.Tests.TestPlainTalkMessage.Defaults" executed="True" success="True" time="0.000" asserts="5" />
                              <test-case name="Vizrt.Mse.MseClient.Tests.TestPlainTalkMessage.EmptyToBytes" executed="True" success="True" time="0.000" asserts="2" />
                              <test-case name="Vizrt.Mse.MseClient.Tests.TestPlainTalkMessage.EscapedChunkedParsing" executed="True" success="True" time="0.001" asserts="9" />
                              <test-case name="Vizrt.Mse.MseClient.Tests.TestPlainTalkMessage.EscapedParsing" executed="True" success="True" time="0.001" asserts="6" />
                              <test-case name="Vizrt.Mse.MseClient.Tests.TestPlainTalkMessage.SimpleParsing" executed="True" success="True" time="0.000" asserts="5" />
                              <test-case name="Vizrt.Mse.MseClient.Tests.TestPlainTalkMessage.StringUsage" executed="True" success="True" time="0.001" asserts="9" />
                              <test-case name="Vizrt.Mse.MseClient.Tests.TestPlainTalkMessage.ToBytes" executed="True" success="True" time="0.000" asserts="3" />
                            </results>
                          </test-suite>
                          <test-suite name="TestReplace" executed="True" success="True" time="0.054" asserts="0">
                            <results>
                              <test-case name="Vizrt.Mse.MseClient.Tests.TestReplace.TestReplaceDifferentTypeInDictionary" executed="True" success="True" time="0.020" asserts="8" />
                              <test-case name="Vizrt.Mse.MseClient.Tests.TestReplace.TestReplaceDifferentTypeInList" executed="True" success="True" time="0.007" asserts="7" />
                              <test-case name="Vizrt.Mse.MseClient.Tests.TestReplace.TestReplaceInDictionary" executed="True" success="True" time="0.004" asserts="1" />
                              <test-case name="Vizrt.Mse.MseClient.Tests.TestReplace.TestReplaceInlineTarget" executed="True" success="True" time="0.006" asserts="5" />
                              <test-case name="Vizrt.Mse.MseClient.Tests.TestReplace.TestReplaceLargeXml" executed="True" success="True" time="0.008" asserts="2" />
                              <test-case name="Vizrt.Mse.MseClient.Tests.TestReplace.TestReplaceToplevelObject" executed="True" success="True" time="0.003" asserts="8" />
                              <test-case name="Vizrt.Mse.MseClient.Tests.TestReplace.TestReplaceToplevelObjectStringList" executed="True" success="True" time="0.004" asserts="14" />
                            </results>
                          </test-suite>
                          <test-suite name="TestXmlParser" executed="True" success="True" time="0.110" asserts="0">
                            <results>
                              <test-case name="Vizrt.Mse.MseClient.Tests.TestXmlParser.TestBookmark" executed="True" success="True" time="0.002" asserts="5" />
                              <test-case name="Vizrt.Mse.MseClient.Tests.TestXmlParser.TestEmptyElements" executed="True" success="True" time="0.000" asserts="7" />
                              <test-case name="Vizrt.Mse.MseClient.Tests.TestXmlParser.TestGetAttribute" executed="True" success="True" time="0.021" asserts="2" />
                              <test-case name="Vizrt.Mse.MseClient.Tests.TestXmlParser.TestGetOuterXml" executed="True" success="True" time="0.001" asserts="6" />
                              <test-case name="Vizrt.Mse.MseClient.Tests.TestXmlParser.TestGetSubtree" executed="True" success="True" time="0.000" asserts="1" />
                              <test-case name="Vizrt.Mse.MseClient.Tests.TestXmlParser.TestHasChildren" executed="True" success="True" time="0.000" asserts="2" />
                              <test-case name="Vizrt.Mse.MseClient.Tests.TestXmlParser.TestNewlinesInXml" executed="True" success="True" time="0.000" asserts="5" />
                              <test-case name="Vizrt.Mse.MseClient.Tests.TestXmlParser.TestNextNode" executed="True" success="True" time="0.001" asserts="1" />
                              <test-case name="Vizrt.Mse.MseClient.Tests.TestXmlParser.TestShortXml" executed="True" success="True" time="0.001" asserts="0" />
                              <test-case name="Vizrt.Mse.MseClient.Tests.TestXmlParser.TestSingleQuotes" executed="True" success="True" time="0.000" asserts="2" />
                              <test-case name="Vizrt.Mse.MseClient.Tests.TestXmlParser.TestTrailingText" executed="True" success="True" time="0.000" asserts="1" />
                              <test-case name="Vizrt.Mse.MseClient.Tests.TestXmlParser.TestXmlUnescaping" executed="True" success="True" time="0.000" asserts="3" />
                              <test-case name="Vizrt.Mse.MseClient.Tests.TestXmlParser.TestXmlUnescapingPerformance" executed="True" success="True" time="0.075" asserts="20000" />
                            </results>
                          </test-suite>
                        </results>
                      </test-suite>
                    </results>
                  </test-suite>
                  <test-suite name="Playlist" executed="True" success="True" time="3.246" asserts="0">
                    <results>
                      <test-suite name="Model" executed="True" success="True" time="3.242" asserts="0">
                        <results>
                          <test-suite name="Tests" executed="True" success="True" time="3.238" asserts="0">
                            <results>
                              <test-suite name="TestBigDataSets" executed="True" success="True" time="2.331" asserts="0">
                                <results>
                                  <test-case name="Vizrt.Mse.Playlist.Model.Tests.TestBigDataSets.TestPlaylistLoad" executed="True" success="True" time="2.330" asserts="3" />
                                </results>
                              </test-suite>
                              <test-suite name="TestConceptVariant" executed="True" success="True" time="0.219" asserts="0">
                                <results>
                                  <test-case name="Vizrt.Mse.Playlist.Model.Tests.TestConceptVariant.TestAddElement" executed="True" success="True" time="0.065" asserts="10" />
                                  <test-case name="Vizrt.Mse.Playlist.Model.Tests.TestConceptVariant.TestAddGroup" executed="True" success="True" time="0.006" asserts="7" />
                                  <test-case name="Vizrt.Mse.Playlist.Model.Tests.TestConceptVariant.TestCollectAllMasterTemplates" executed="True" success="True" time="0.006" asserts="7" />
                                  <test-case name="Vizrt.Mse.Playlist.Model.Tests.TestConceptVariant.TestLoadPlaylistPerformance" executed="True" success="True" time="0.112" asserts="0" />
                                  <test-case name="Vizrt.Mse.Playlist.Model.Tests.TestConceptVariant.TestPlaylistConcepts" executed="True" success="True" time="0.006" asserts="7" />
                                  <test-case name="Vizrt.Mse.Playlist.Model.Tests.TestConceptVariant.TestRemoveElement" executed="True" success="True" time="0.007" asserts="4" />
                                  <test-case name="Vizrt.Mse.Playlist.Model.Tests.TestConceptVariant.TestRemoveEverything" executed="True" success="True" time="0.005" asserts="8" />
                                  <test-case name="Vizrt.Mse.Playlist.Model.Tests.TestConceptVariant.TestSceneSelectorAlternative" executed="True" success="True" time="0.006" asserts="3" />
                                </results>
                              </test-suite>
                              <test-suite name="TestMasterTemplate" executed="True" success="True" time="0.585" asserts="0">
                                <results>
                                  <test-case name="Vizrt.Mse.Playlist.Model.Tests.TestMasterTemplate.TestMasterTemplateLoading" executed="True" success="True" time="0.052" asserts="2" />
                                  <test-case name="Vizrt.Mse.Playlist.Model.Tests.TestMasterTemplate.TestMasterTemplateSharing" executed="True" success="True" time="0.023" asserts="1" />
                                  <test-case name="Vizrt.Mse.Playlist.Model.Tests.TestMasterTemplate.TestMasterTemplateToXml" executed="True" success="True" time="0.037" asserts="1" />
                                  <test-case name="Vizrt.Mse.Playlist.Model.Tests.TestMasterTemplate.TestPlaylistElement" executed="True" success="True" time="0.472" asserts="0" />
                                </results>
                              </test-suite>
                              <test-suite name="TestPlaylist" executed="True" success="True" time="0.064" asserts="0">
                                <results>
                                  <test-case name="Vizrt.Mse.Playlist.Model.Tests.TestPlaylist.TestGroupXml" executed="True" success="True" time="0.008" asserts="2" />
                                  <test-case name="Vizrt.Mse.Playlist.Model.Tests.TestPlaylist.TestLoadAndDisconnectAndLoad" executed="True" success="True" time="0.003" asserts="1" />
                                  <test-case name="Vizrt.Mse.Playlist.Model.Tests.TestPlaylist.TestLoadAndMseDisconnect" executed="True" success="True" time="0.010" asserts="11" />
                                  <test-case name="Vizrt.Mse.Playlist.Model.Tests.TestPlaylist.TestLoadPlaylistEnvironment" executed="True" success="True" time="0.004" asserts="5" />
                                  <test-case name="Vizrt.Mse.Playlist.Model.Tests.TestPlaylist.TestMoveAndDeletePlaylistEntries" executed="True" success="True" time="0.006" asserts="4" />
                                  <test-case name="Vizrt.Mse.Playlist.Model.Tests.TestPlaylist.TestPlaylistEntryPath" executed="True" success="True" time="0.003" asserts="2" />
                                  <test-case name="Vizrt.Mse.Playlist.Model.Tests.TestPlaylist.TestPlaylistEnvironmentEvents" executed="True" success="True" time="0.003" asserts="5" />
                                  <test-case name="Vizrt.Mse.Playlist.Model.Tests.TestPlaylist.TestPlaylistRef" executed="True" success="True" time="0.005" asserts="18" />
                                  <test-case name="Vizrt.Mse.Playlist.Model.Tests.TestPlaylist.TestPlaylistVideo" executed="True" success="True" time="0.004" asserts="12" />
                                  <test-case name="Vizrt.Mse.Playlist.Model.Tests.TestPlaylist.TestQueueCommands" executed="True" success="True" time="0.006" asserts="2" />
                                  <test-case name="Vizrt.Mse.Playlist.Model.Tests.TestPlaylist.TestRunnableGroups" executed="True" success="True" time="0.003" asserts="7" />
                                  <test-case name="Vizrt.Mse.Playlist.Model.Tests.TestPlaylist.TestTreeTalkOutOfSync" executed="True" success="True" time="0.004" asserts="2" />
                                </results>
                              </test-suite>
                              <test-suite name="TestPlaylistDirectory" executed="True" success="True" time="0.014" asserts="0">
                                <results>
                                  <test-case name="Vizrt.Mse.Playlist.Model.Tests.TestPlaylistDirectory.TestLoadPlaylistDirectory" executed="True" success="True" time="0.013" asserts="27" />
                                </results>
                              </test-suite>
                              <test-suite name="TestShow" executed="True" success="True" time="0.010" asserts="0">
[...]
                          <test-case name="Vizrt.Playlist.Tests.TestPlaylistSorting.TestSorting" executed="True" success="True" time="0.010" asserts="10" />
                          <test-case name="Vizrt.Playlist.Tests.TestPlaylistSorting.TestSortingOnPropertyChange" executed="True" success="True" time="0.010" asserts="7" />
                        </results>
                      </test-suite>
                      <test-suite name="TestPlaylistViewModelSearch" executed="True" success="True" time="0.043" asserts="0">
                        <results>
                          <test-case name="Vizrt.Playlist.Tests.TestPlaylistViewModelSearch.TestBasicSearchBackwards" executed="True" success="True" time="0.005" asserts="8" />
                          <test-case name="Vizrt.Playlist.Tests.TestPlaylistViewModelSearch.TestBasicSearchForwardByClicking" executed="True" success="True" time="0.005" asserts="10" />
                          <test-case name="Vizrt.Playlist.Tests.TestPlaylistViewModelSearch.TestBasicSearchForwardByTyping" executed="True" success="True" time="0.004" asserts="11" />
                          <test-case name="Vizrt.Playlist.Tests.TestPlaylistViewModelSearch.TestBasicSearchInFilteredData" executed="True" success="True" time="0.018" asserts="33" />
                          <test-case name="Vizrt.Playlist.Tests.TestPlaylistViewModelSearch.TestNextTreeNode" executed="True" success="True" time="0.004" asserts="12" />
                          <test-case name="Vizrt.Playlist.Tests.TestPlaylistViewModelSearch.TestPreviousTreeNode" executed="True" success="True" time="0.004" asserts="10" />
                        </results>
                      </test-suite>
                      <test-suite name="TestTicker" executed="True" success="True" time="0.094" asserts="0">
                        <results>
                          <test-case name="Vizrt.Playlist.Tests.TestTicker.ChannelInfoHasCursorEvents" executed="True" success="True" time="0.010" asserts="10" />
                          <test-case name="Vizrt.Playlist.Tests.TestTicker.ChannelInfoIsEnabledPropertyEvent" executed="True" success="True" time="0.012" asserts="7" />
                          <test-case name="Vizrt.Playlist.Tests.TestTicker.ChannelInfoRunsPropertyEvent" executed="True" success="True" time="0.007" asserts="7" />
                          <test-case name="Vizrt.Playlist.Tests.TestTicker.ChannelInfoRunsPropertyEventFromBlank" executed="True" success="True" time="0.003" asserts="7" />
                          <test-case name="Vizrt.Playlist.Tests.TestTicker.HideSectionHeads" executed="True" success="True" time="0.006" asserts="9" />
                          <test-case name="Vizrt.Playlist.Tests.TestTicker.HideSectionHeadsEvents" executed="True" success="True" time="0.004" asserts="8" />
                          <test-case name="Vizrt.Playlist.Tests.TestTicker.LoadCarousel" executed="True" success="True" time="0.005" asserts="7" />
                          <test-case name="Vizrt.Playlist.Tests.TestTicker.LoadSectionCarousel" executed="True" success="True" time="0.004" asserts="13" />
                          <test-case name="Vizrt.Playlist.Tests.TestTicker.NotAllowedToMoveSubGroups" executed="True" success="True" time="0.005" asserts="50" />
                          <test-case name="Vizrt.Playlist.Tests.TestTicker.ReadChannelInfoHasCursor" executed="True" success="True" time="0.002" asserts="4" />
                          <test-case name="Vizrt.Playlist.Tests.TestTicker.ReadChannelInfos" executed="True" success="True" time="0.004" asserts="21" />
                          <test-case name="Vizrt.Playlist.Tests.TestTicker.ReadTimeToLive" executed="True" success="True" time="0.003" asserts="4" />
                          <test-case name="Vizrt.Playlist.Tests.TestTicker.SectionChildrenAsGroups" executed="True" success="True" time="0.003" asserts="13" />
                          <test-case name="Vizrt.Playlist.Tests.TestTicker.SetRunsOnGroup" executed="True" success="True" time="0.005" asserts="5" />
                          <test-case name="Vizrt.Playlist.Tests.TestTicker.ToggleSectionHeads" executed="True" success="True" time="0.003" asserts="31" />
                          <test-case name="Vizrt.Playlist.Tests.TestTicker.WriteChannelInfo" executed="True" success="True" time="0.005" asserts="23" />
                          <test-case name="Vizrt.Playlist.Tests.TestTicker.WriteChannelInfoFromEmpty" executed="True" success="True" time="0.005" asserts="13" />
                        </results>
                      </test-suite>
                      <test-suite name="TestVdomRepr" executed="True" success="True" time="0.004" asserts="0">
                        <results>
                          <test-case name="Vizrt.Playlist.Tests.TestVdomRepr.TestVdomRepresentation" executed="True" success="True" time="0.003" asserts="4" />
                        </results>
                      </test-suite>
                      <test-suite name="TestVideo" executed="True" success="True" time="0.050" asserts="0">
                        <results>
                          <test-case name="Vizrt.Playlist.Tests.TestVideo.TestChannel" executed="True" success="True" time="0.004" asserts="21" />
                          <test-case name="Vizrt.Playlist.Tests.TestVideo.TestExists" executed="True" success="True" time="0.004" asserts="13" />
                          <test-case name="Vizrt.Playlist.Tests.TestVideo.TestLoadingNestedRefs" executed="True" success="True" time="0.005" asserts="8" />
                          <test-case name="Vizrt.Playlist.Tests.TestVideo.TestLoadingNestedRefsWithDelayedLoading" executed="True" success="True" time="0.003" asserts="8" />
                          <test-case name="Vizrt.Playlist.Tests.TestVideo.TestLoadingVideo" executed="True" success="True" time="0.002" asserts="3" />
                          <test-case name="Vizrt.Playlist.Tests.TestVideo.TestRefVideoWithDelayedLoading" executed="True" success="True" time="0.003" asserts="8" />
                          <test-case name="Vizrt.Playlist.Tests.TestVideo.TestRefVideoWithExplicitPreLoading" executed="True" success="True" time="0.006" asserts="7" />
                          <test-case name="Vizrt.Playlist.Tests.TestVideo.TestRefVideoWithPreLoading" executed="True" success="True" time="0.005" asserts="6" />
                          <test-case name="Vizrt.Playlist.Tests.TestVideo.TestRemovingRefTarget" executed="True" success="True" time="0.005" asserts="45" />
                          <test-case name="Vizrt.Playlist.Tests.TestVideo.TestReplacingRefToVideoWithRefToElement" executed="True" success="True" time="0.003" asserts="17" />
                          <test-case name="Vizrt.Playlist.Tests.TestVideo.TestVideoSpecifficAttributesOnRefTags" executed="True" success="True" time="0.003" asserts="15" />
                        </results>
                      </test-suite>
                    </results>
                  </test-suite>
                </results>
              </test-suite>
            </results>
          </test-suite>
        </results>
      </test-suite>
      <test-suite name="c:\build\workspace\dotnet-vizrt-win32\VdomSettings\Tests\bin\Release\Vizrt.VdomSettings.Tests.dll" executed="True" success="True" time="0.326" asserts="0">
        <results>
          <test-suite name="Vizrt" executed="True" success="True" time="0.321" asserts="0">
            <results>
              <test-suite name="VdomSettings" executed="True" success="True" time="0.319" asserts="0">
                <results>
                  <test-suite name="Tests" executed="True" success="True" time="0.318" asserts="0">
                    <results>
                      <test-suite name="TestSettings" executed="True" success="True" time="0.315" asserts="0">
                        <results>
                          <test-case name="Vizrt.VdomSettings.Tests.TestSettings.TestGetValue" executed="True" success="True" time="0.185" asserts="1" />
                          <test-case name="Vizrt.VdomSettings.Tests.TestSettings.TestGetValueDef" executed="True" success="True" time="0.005" asserts="1" />
                          <test-case name="Vizrt.VdomSettings.Tests.TestSettings.TestGetValueNotCreate" executed="True" success="True" time="0.009" asserts="2" />
                          <test-case name="Vizrt.VdomSettings.Tests.TestSettings.TestHasSetting" executed="True" success="True" time="0.005" asserts="2" />
                          <test-case name="Vizrt.VdomSettings.Tests.TestSettings.TestSetValueAlreadyExisting" executed="True" success="True" time="0.034" asserts="1" />
                          <test-case name="Vizrt.VdomSettings.Tests.TestSettings.TestSetValueListening" executed="True" success="True" time="0.009" asserts="1" />
                          <test-case name="Vizrt.VdomSettings.Tests.TestSettings.TestSetValueNotExisting" executed="True" success="True" time="0.024" asserts="1" />
                          <test-case name="Vizrt.VdomSettings.Tests.TestSettings.TestTrioGlobalSettings" executed="True" success="True" time="0.009" asserts="1" />
                          <test-case name="Vizrt.VdomSettings.Tests.TestSettings.TestTrioLocalSettings" executed="True" success="True" time="0.008" asserts="1" />
                          <test-case name="Vizrt.VdomSettings.Tests.TestSettings.TestValueChangedEvent" executed="True" success="True" time="0.014" asserts="3" />
                        </results>
                      </test-suite>
                    </results>
                  </test-suite>
                </results>
              </test-suite>
            </results>
          </test-suite>
        </results>
      </test-suite>
      <test-suite name="c:\build\workspace\dotnet-vizrt-win32\VizEngine\Controls\Wpf\Tests\bin\Release\Vizrt.VizEngine.Controls.Wpf.Tests.dll" executed="True" success="True" time="2.041" asserts="0">
        <results>
          <test-suite name="Vizrt" executed="True" success="True" time="2.036" asserts="0">
            <results>
              <test-suite name="VizEngine" executed="True" success="True" time="2.035" asserts="0">
                <results>
                  <test-suite name="Controls" executed="True" success="True" time="2.035" asserts="0">
                    <results>
                      <test-suite name="Wpf" executed="True" success="True" time="2.035" asserts="0">
                        <results>
                          <test-suite name="Tests" executed="True" success="True" time="2.035" asserts="0">
                            <results>
                              <test-suite name="TestLocalVizPreviewCommander" executed="True" success="True" time="0.614" asserts="0">
                                <results>
                                  <test-case name="Vizrt.VizEngine.Controls.Wpf.Tests.TestLocalVizPreviewCommander.TestGetIcon" executed="True" success="True" time="0.510" asserts="7" />
                                  <test-suite name="TestGetManyIcons" executed="True" success="True" time="0.087" asserts="0">
                                    <results>
                                      <test-case name="Vizrt.VizEngine.Controls.Wpf.Tests.TestLocalVizPreviewCommander.TestGetManyIcons(False)" executed="False">
                                        <reason>
                                          <message><![CDATA[The VizIconProvider was written for one request at a time using a dispatcher, so it's currently not thread safe when used without a dispatcher]]></message>
                                        </reason>
                                      </test-case>
                                      <test-case name="Vizrt.VizEngine.Controls.Wpf.Tests.TestLocalVizPreviewCommander.TestGetManyIcons(True)" executed="True" success="True" time="0.087" asserts="4" />
                                    </results>
                                  </test-suite>
                                  <test-case name="Vizrt.VizEngine.Controls.Wpf.Tests.TestLocalVizPreviewCommander.TestGetManyIconsDirectlyFromSocket" executed="True" success="True" time="0.008" asserts="32" />
                                </results>
                              </test-suite>
                              <test-suite name="TestRequestQueue" executed="True" success="True" time="0.004" asserts="0">
                                <results>
                                  <test-case name="Vizrt.VizEngine.Controls.Wpf.Tests.TestRequestQueue.TestAddExistingRequest" executed="True" success="True" time="0.003" asserts="4" />
                                  <test-case name="Vizrt.VizEngine.Controls.Wpf.Tests.TestRequestQueue.TestBasicQueueOperations" executed="True" success="True" time="0.001" asserts="6" />
                                </results>
                              </test-suite>
                              <test-suite name="TestVizEngineCommander" executed="True" success="True" time="0.042" asserts="0">
                                <results>
                                  <test-case name="Vizrt.VizEngine.Controls.Wpf.Tests.TestVizEngineCommander.TestClosingSocketBeforeResponse" executed="True" success="True" time="0.015" asserts="0" />
                                  <test-case name="Vizrt.VizEngine.Controls.Wpf.Tests.TestVizEngineCommander.TestDoesPluginExistNope" executed="True" success="True" time="0.004" asserts="3" />
                                  <test-case name="Vizrt.VizEngine.Controls.Wpf.Tests.TestVizEngineCommander.TestDoesPluginExistYep" executed="True" success="True" time="0.003" asserts="3" />
                                  <test-case name="Vizrt.VizEngine.Controls.Wpf.Tests.TestVizEngineCommander.TestGetIsStandardVersion" executed="True" success="True" time="0.004" asserts="6" />
                                  <test-case name="Vizrt.VizEngine.Controls.Wpf.Tests.TestVizEngineCommander.TestGetOnAir" executed="True" success="True" time="0.004" asserts="6" />
                                  <test-case name="Vizrt.VizEngine.Controls.Wpf.Tests.TestVizEngineCommander.TestGetVersion" executed="True" success="True" time="0.002" asserts="2" />
                                  <test-case name="Vizrt.VizEngine.Controls.Wpf.Tests.TestVizEngineCommander.TestLoginStatus" executed="True" success="True" time="0.006" asserts="17" />
                                  <test-case name="Vizrt.VizEngine.Controls.Wpf.Tests.TestVizEngineCommander.TestLogOut" executed="True" success="True" time="0.005" asserts="10" />
                                </results>
                              </test-suite>
                              <test-suite name="TestVizEngineTextSocket" executed="True" success="True" time="1.332" asserts="0">
                                <results>
                                  <test-case name="Vizrt.VizEngine.Controls.Wpf.Tests.TestVizEngineTextSocket.DetectConnectionRefused" executed="True" success="True" time="1.026" asserts="2" />
                                  <test-case name="Vizrt.VizEngine.Controls.Wpf.Tests.TestVizEngineTextSocket.DetectHostNotFound" executed="True" success="True" time="0.305" asserts="2" />
                                </results>
                              </test-suite>
                              <test-suite name="TestVizProcess" executed="True" success="True" time="0.042" asserts="0">
                                <results>
                                  <test-case name="Vizrt.VizEngine.Controls.Wpf.Tests.TestVizProcess.TestAlreadyRunning" executed="True" success="True" time="0.013" asserts="5" />
                                  <test-case name="Vizrt.VizEngine.Controls.Wpf.Tests.TestVizProcess.TestDefaults" executed="True" success="True" time="0.001" asserts="2" />
                                  <test-case name="Vizrt.VizEngine.Controls.Wpf.Tests.TestVizProcess.TestInvalidPathComplex" executed="True" success="True" time="0.013" asserts="3" />
                                  <test-case name="Vizrt.VizEngine.Controls.Wpf.Tests.TestVizProcess.TestInvalidPathSimple" executed="True" success="True" time="0.002" asserts="3" />
                                  <test-case name="Vizrt.VizEngine.Controls.Wpf.Tests.TestVizProcess.TestInvalidRegistryPath" executed="True" success="True" time="0.014" asserts="3" />
                                </results>
                              </test-suite>
                            </results>
                          </test-suite>
                        </results>
                      </test-suite>
                    </results>
                  </test-suite>
                </results>
              </test-suite>
            </results>
          </test-suite>
        </results>
      </test-suite>
      <test-suite name="c:\build\workspace\dotnet-vizrt-win32\Web\Tests\bin\Release\Vizrt.Web.Tests.dll" executed="True" success="True" time="1.219" asserts="0">
        <results>
          <test-suite name="Vizrt" executed="True" success="True" time="1.213" asserts="0">
            <results>
              <test-suite name="Web" executed="True" success="True" time="1.211" asserts="0">
                <results>
                  <test-suite name="Tests" executed="True" success="True" time="1.207" asserts="0">
                    <results>
                      <test-suite name="OpenSearchTests" executed="True" success="True" time="0.123" asserts="0">
                        <results>
                          <test-case name="Vizrt.Web.Tests.OpenSearchTests.TestParsingOpenSearchDocument" executed="True" success="True" time="0.112" asserts="8" />
                          <test-case name="Vizrt.Web.Tests.OpenSearchTests.TestSearchParameterSubstitution" executed="True" success="True" time="0.002" asserts="7" />
                        </results>
                      </test-suite>
                      <test-suite name="TestContentClient" executed="True" success="True" time="0.051" asserts="0">
                        <results>
                          <test-case name="Vizrt.Web.Tests.TestContentClient.TestGetFeedFromServiceDocument" executed="True" success="True" time="0.049" asserts="6" />
                        </results>
                      </test-suite>
                      <test-suite name="TestSloth" executed="True" success="True" time="0.919" asserts="0">
                        <results>
                          <test-case name="Vizrt.Web.Tests.TestSloth.TestGetDataElement" executed="True" success="True" time="0.883" asserts="2" />
                          <test-case name="Vizrt.Web.Tests.TestSloth.TestGetDataElements" executed="True" success="True" time="0.024" asserts="12" />
                          <test-case name="Vizrt.Web.Tests.TestSloth.TestGetTemplates" executed="True" success="True" time="0.011" asserts="12" />
                        </results>
                      </test-suite>
                      <test-suite name="TestSyndicationService" executed="True" success="True" time="0.109" asserts="0">
                        <results>
                          <test-case name="Vizrt.Web.Tests.TestSyndicationService.TestGetFeedFromServiceDocument" executed="True" success="True" time="0.106" asserts="2" />
                        </results>
                      </test-suite>
                    </results>
                  </test-suite>
                </results>
              </test-suite>
            </results>
          </test-suite>
        </results>
      </test-suite>
    </results>
  </test-suite>
</test-results>